<?xml version="1.0" encoding="UTF-8"?>
<testsuite name="com.appdimens.games.Game3DPerformanceTest" tests="7" skipped="0" failures="0" errors="0" timestamp="2025-10-20T01:23:31.569Z" hostname="arch" time="2.128">
  <properties/>
  <testcase name="testConcurrentAccessPerformance" classname="com.appdimens.games.Game3DPerformanceTest" time="1.857"/>
  <testcase name="testAsyncCalculationPerformance" classname="com.appdimens.games.Game3DPerformanceTest" time="0.038"/>
  <testcase name="generatePerformanceReport" classname="com.appdimens.games.Game3DPerformanceTest" time="0.017"/>
  <testcase name="testMemoryPressureHandling" classname="com.appdimens.games.Game3DPerformanceTest" time="0.106"/>
  <testcase name="testQualitySettingsPerformance" classname="com.appdimens.games.Game3DPerformanceTest" time="0.035"/>
  <testcase name="testCachePerformance" classname="com.appdimens.games.Game3DPerformanceTest" time="0.052"/>
  <testcase name="testEmergencyModePerformance" classname="com.appdimens.games.Game3DPerformanceTest" time="0.021"/>
  <system-out><![CDATA[WARNING: No manifest file found at ./AndroidManifest.xml.
Falling back to the Android OS resources only.
To remove this warning, annotate your test class with @Config(manifest=Config.NONE).
]]></system-out>
  <system-err><![CDATA[No such manifest file: ./AndroidManifest.xml
WARNING: A Java agent has been loaded dynamically (/tmp/byteBuddyAgent14638963998004269168.jar)
WARNING: If a serviceability tool is in use, please run with -XX:+EnableDynamicAgentLoading to hide this warning
WARNING: If a serviceability tool is not in use, please run with -Djdk.instrument.traceUsage for more information
WARNING: Dynamic loading of agents will be disallowed by default in a future release
]]></system-err>
</testsuite>
